Expese-Tracker-Android-App-master/android/build/outputs/logs/manifest-merger-debug-report.txt
-- Merging decision tree log ---
manifest
ADDED from src/main/AndroidManifest.xml:1:1-54:12
INJECTED from src/main/AndroidManifest.xml:1:1-54:12
INJECTED from src/main/AndroidManifest.xml:1:1-54:12
INJECTED from src/main/AndroidManifest.xml:1:1-54:12
MERGED from [com.android.support:design:26.0.1] AndroidManifest.xml:17:1-31:12
MERGED from [com.android.support:appcompat-v7:26.0.1] AndroidManifest.xml:17:1-31:12
MERGED from [com.github.machinarius:preferencefragment:0.1.1] AndroidManifest.xml:16:1-19:12
MERGED from [com.twotoasters.SectionCursorAdapter:library:1.0.1] AndroidManifest.xml:1:124-8:12
MERGED from [com.android.support:transition:26.0.1] AndroidManifest.xml:17:1-28:12
MERGED from [com.android.support:support-v4:26.0.1] AndroidManifest.xml:17:1-31:12
MERGED from [com.android.support:animated-vector-drawable:26.0.1] AndroidManifest.xml:17:1-28:12
MERGED from [com.android.support:support-vector-drawable:26.0.1] AndroidManifest.xml:17:1-28:12
MERGED from [com.android.support:support-media-compat:26.0.1] AndroidManifest.xml:17:1-31:12
MERGED from [com.android.support:support-fragment:26.0.1] AndroidManifest.xml:17:1-31:12
MERGED from [com.android.support:support-core-utils:26.0.1] AndroidManifest.xml:17:1-31:12
MERGED from [com.android.support:recyclerview-v7:26.0.1] AndroidManifest.xml:17:1-28:12
MERGED from [com.android.support:support-core-ui:26.0.1] AndroidManifest.xml:17:1-31:12
MERGED from [com.android.support:support-compat:26.0.1] AndroidManifest.xml:17:1-31:12
INJECTED from src/main/AndroidManifest.xml:1:1-54:12
INJECTED from src/main/AndroidManifest.xml:1:1-54:12
INJECTED from src/main/AndroidManifest.xml:1:1-54:12
	package
		ADDED from src/main/AndroidManifest.xml:2:5-48
		INJECTED from src/main/AndroidManifest.xml
		INJECTED from src/main/AndroidManifest.xml
	android:versionName
		INJECTED from src/main/AndroidManifest.xml
		ADDED from src/main/AndroidManifest.xml:1:1-54:12
		INJECTED from src/main/AndroidManifest.xml
	android:versionCode
		INJECTED from src/main/AndroidManifest.xml
		ADDED from src/main/AndroidManifest.xml:1:1-54:12
		INJECTED from src/main/AndroidManifest.xml
	xmlns:android
		ADDED from src/main/AndroidManifest.xml:1:11-69
application
ADDED from src/main/AndroidManifest.xml:4:5-52:19
MERGED from [com.android.support:design:26.0.1] AndroidManifest.xml:25:5-29:19
MERGED from [com.android.support:design:26.0.1] AndroidManifest.xml:25:5-29:19
MERGED from [com.android.support:appcompat-v7:26.0.1] AndroidManifest.xml:25:5-29:19
MERGED from [com.android.support:appcompat-v7:26.0.1] AndroidManifest.xml:25:5-29:19
MERGED from [com.twotoasters.SectionCursorAdapter:library:1.0.1] AndroidManifest.xml:4:5-6:19
MERGED from [com.twotoasters.SectionCursorAdapter:library:1.0.1] AndroidManifest.xml:4:5-6:19
MERGED from [com.android.support:transition:26.0.1] AndroidManifest.xml:22:5-26:19
MERGED from [com.android.support:transition:26.0.1] AndroidManifest.xml:22:5-26:19
MERGED from [com.android.support:support-v4:26.0.1] AndroidManifest.xml:25:5-29:19
MERGED from [com.android.support:support-v4:26.0.1] AndroidManifest.xml:25:5-29:19
MERGED from [com.android.support:animated-vector-drawable:26.0.1] AndroidManifest.xml:22:5-26:19
MERGED from [com.android.support:animated-vector-drawable:26.0.1] AndroidManifest.xml:22:5-26:19
MERGED from [com.android.support:support-vector-drawable:26.0.1] AndroidManifest.xml:22:5-26:19
MERGED from [com.android.support:support-vector-drawable:26.0.1] AndroidManifest.xml:22:5-26:19
MERGED from [com.android.support:support-media-compat:26.0.1] AndroidManifest.xml:25:5-29:19
MERGED from [com.android.support:support-media-compat:26.0.1] AndroidManifest.xml:25:5-29:19
MERGED from [com.android.support:support-fragment:26.0.1] AndroidManifest.xml:25:5-29:19
MERGED from [com.android.support:support-fragment:26.0.1] AndroidManifest.xml:25:5-29:19
MERGED from [com.android.support:support-core-utils:26.0.1] AndroidManifest.xml:25:5-29:19
MERGED from [com.android.support:support-core-utils:26.0.1] AndroidManifest.xml:25:5-29:19
MERGED from [com.android.support:recyclerview-v7:26.0.1] AndroidManifest.xml:22:5-26:19
MERGED from [com.android.support:recyclerview-v7:26.0.1] AndroidManifest.xml:22:5-26:19
MERGED from [com.android.support:support-core-ui:26.0.1] AndroidManifest.xml:25:5-29:19
MERGED from [com.android.support:support-core-ui:26.0.1] AndroidManifest.xml:25:5-29:19
MERGED from [com.android.support:support-compat:26.0.1] AndroidManifest.xml:25:5-29:19
MERGED from [com.android.support:support-compat:26.0.1] AndroidManifest.xml:25:5-29:19
	android:supportsRtl
		ADDED from src/main/AndroidManifest.xml:8:9-35
	android:label
		ADDED from src/main/AndroidManifest.xml:7:9-41
	android:icon
		ADDED from src/main/AndroidManifest.xml:6:9-43
	android:allowBackup
		ADDED from src/main/AndroidManifest.xml:5:9-35
	android:theme
		ADDED from src/main/AndroidManifest.xml:9:9-40
activity#com.github.ematiyuk.expensetracer.activities.MainActivity
ADDED from src/main/AndroidManifest.xml:11:9-20:20
	android:screenOrientation
		ADDED from src/main/AndroidManifest.xml:14:13-49
	android:label
		ADDED from src/main/AndroidManifest.xml:12:13-45
	android:launchMode
		ADDED from src/main/AndroidManifest.xml:13:13-43
	android:name
		ADDED from src/main/AndroidManifest.xml:11:19-58
intent-filter#action:name:android.intent.action.MAIN+category:name:android.intent.category.LAUNCHER
ADDED from src/main/AndroidManifest.xml:15:13-19:29
action#android.intent.action.MAIN
ADDED from src/main/AndroidManifest.xml:16:17-68
	android:name
		ADDED from src/main/AndroidManifest.xml:16:25-66
category#android.intent.category.LAUNCHER
ADDED from src/main/AndroidManifest.xml:18:17-76
	android:name
		ADDED from src/main/AndroidManifest.xml:18:27-74
activity#com.github.ematiyuk.expensetracer.activities.SettingsActivity
ADDED from src/main/AndroidManifest.xml:22:9-28:20
	android:screenOrientation
		ADDED from src/main/AndroidManifest.xml:23:13-49
	android:parentActivityName
		ADDED from src/main/AndroidManifest.xml:24:13-66
	android:name
		ADDED from src/main/AndroidManifest.xml:22:19-62
meta-data#android.support.PARENT_ACTIVITY
ADDED from src/main/AndroidManifest.xml:26:13-27:59
	android:value
		ADDED from src/main/AndroidManifest.xml:27:17-57
	android:name
		ADDED from src/main/AndroidManifest.xml:26:24-70
activity#com.github.ematiyuk.expensetracer.activities.CategoryEditActivity
ADDED from src/main/AndroidManifest.xml:30:9-37:20
	android:screenOrientation
		ADDED from src/main/AndroidManifest.xml:31:13-49
	android:parentActivityName
		ADDED from src/main/AndroidManifest.xml:33:13-66
	android:windowSoftInputMode
		ADDED from src/main/AndroidManifest.xml:32:13-55
	android:name
		ADDED from src/main/AndroidManifest.xml:30:19-66
activity#com.github.ematiyuk.expensetracer.activities.ExpenseEditActivity
ADDED from src/main/AndroidManifest.xml:39:9-46:20
	android:screenOrientation
		ADDED from src/main/AndroidManifest.xml:40:13-49
	android:parentActivityName
		ADDED from src/main/AndroidManifest.xml:42:13-66
	android:windowSoftInputMode
		ADDED from src/main/AndroidManifest.xml:41:13-55
	android:name
		ADDED from src/main/AndroidManifest.xml:39:19-65
provider#com.github.ematiyuk.expensetracer.providers.ExpensesProvider
ADDED from src/main/AndroidManifest.xml:48:9-50:58
	android:authorities
		ADDED from src/main/AndroidManifest.xml:49:13-77
	android:name
		ADDED from src/main/AndroidManifest.xml:50:13-55
uses-sdk
INJECTED from src/main/AndroidManifest.xml reason: use-sdk injection requested
INJECTED from src/main/AndroidManifest.xml
INJECTED from src/main/AndroidManifest.xml
MERGED from [com.android.support:design:26.0.1] AndroidManifest.xml:21:5-23:62
MERGED from [com.android.support:design:26.0.1] AndroidManifest.xml:21:5-23:62
MERGED from [com.android.support:appcompat-v7:26.0.1] AndroidManifest.xml:21:5-23:78
MERGED from [com.android.support:appcompat-v7:26.0.1] AndroidManifest.xml:21:5-23:78
MERGED from [com.github.machinarius:preferencefragment:0.1.1] AndroidManifest.xml:18:5-42
MERGED from [com.github.machinarius:preferencefragment:0.1.1] AndroidManifest.xml:18:5-42
MERGED from [com.twotoasters.SectionCursorAdapter:library:1.0.1] AndroidManifest.xml:2:5-72
MERGED from [com.twotoasters.SectionCursorAdapter:library:1.0.1] AndroidManifest.xml:2:5-72
MERGED from [com.android.support:transition:26.0.1] AndroidManifest.xml:20:5-44
MERGED from [com.android.support:transition:26.0.1] AndroidManifest.xml:20:5-44
MERGED from [com.android.support:support-v4:26.0.1] AndroidManifest.xml:21:5-23:54
MERGED from [com.android.support:support-v4:26.0.1] AndroidManifest.xml:21:5-23:54
MERGED from [com.android.support:animated-vector-drawable:26.0.1] AndroidManifest.xml:20:5-44
MERGED from [com.android.support:animated-vector-drawable:26.0.1] AndroidManifest.xml:20:5-44
MERGED from [com.android.support:support-vector-drawable:26.0.1] AndroidManifest.xml:20:5-44
MERGED from [com.android.support:support-vector-drawable:26.0.1] AndroidManifest.xml:20:5-44
MERGED from [com.android.support:support-media-compat:26.0.1] AndroidManifest.xml:21:5-23:63
MERGED from [com.android.support:support-media-compat:26.0.1] AndroidManifest.xml:21:5-23:63
MERGED from [com.android.support:support-fragment:26.0.1] AndroidManifest.xml:21:5-23:60
MERGED from [com.android.support:support-fragment:26.0.1] AndroidManifest.xml:21:5-23:60
MERGED from [com.android.support:support-core-utils:26.0.1] AndroidManifest.xml:21:5-23:61
MERGED from [com.android.support:support-core-utils:26.0.1] AndroidManifest.xml:21:5-23:61
MERGED from [com.android.support:recyclerview-v7:26.0.1] AndroidManifest.xml:20:5-44
MERGED from [com.android.support:recyclerview-v7:26.0.1] AndroidManifest.xml:20:5-44
MERGED from [com.android.support:support-core-ui:26.0.1] AndroidManifest.xml:21:5-23:58
MERGED from [com.android.support:support-core-ui:26.0.1] AndroidManifest.xml:21:5-23:58
MERGED from [com.android.support:support-compat:26.0.1] AndroidManifest.xml:21:5-23:58
MERGED from [com.android.support:support-compat:26.0.1] AndroidManifest.xml:21:5-23:58
INJECTED from src/main/AndroidManifest.xml
INJECTED from src/main/AndroidManifest.xml
	tools:overrideLibrary
		ADDED from [com.android.support:design:26.0.1] AndroidManifest.xml:23:9-59
	android:targetSdkVersion
		INJECTED from src/main/AndroidManifest.xml
		ADDED from src/main/AndroidManifest.xml
		INJECTED from src/main/AndroidManifest.xml
	android:minSdkVersion
		INJECTED from src/main/AndroidManifest.xml
		ADDED from src/main/AndroidManifest.xml
		INJECTED from src/main/AndroidManifest.xml
meta-data#android.support.VERSION
ADDED from [com.android.support:design:26.0.1] AndroidManifest.xml:26:9-28:38
MERGED from [com.android.support:appcompat-v7:26.0.1] AndroidManifest.xml:26:9-28:38
MERGED from [com.android.support:appcompat-v7:26.0.1] AndroidManifest.xml:26:9-28:38
MERGED from [com.android.support:transition:26.0.1] AndroidManifest.xml:23:9-25:38
MERGED from [com.android.support:transition:26.0.1] AndroidManifest.xml:23:9-25:38
MERGED from [com.android.support:support-v4:26.0.1] AndroidManifest.xml:26:9-28:38
MERGED from [com.android.support:support-v4:26.0.1] AndroidManifest.xml:26:9-28:38
MERGED from [com.android.support:animated-vector-drawable:26.0.1] AndroidManifest.xml:23:9-25:38
MERGED from [com.android.support:animated-vector-drawable:26.0.1] AndroidManifest.xml:23:9-25:38
MERGED from [com.android.support:support-vector-drawable:26.0.1] AndroidManifest.xml:23:9-25:38
MERGED from [com.android.support:support-vector-drawable:26.0.1] AndroidManifest.xml:23:9-25:38
MERGED from [com.android.support:support-media-compat:26.0.1] AndroidManifest.xml:26:9-28:38
MERGED from [com.android.support:support-media-compat:26.0.1] AndroidManifest.xml:26:9-28:38
MERGED from [com.android.support:support-fragment:26.0.1] AndroidManifest.xml:26:9-28:38
MERGED from [com.android.support:support-fragment:26.0.1] AndroidManifest.xml:26:9-28:38
MERGED from [com.android.support:support-core-utils:26.0.1] AndroidManifest.xml:26:9-28:38
MERGED from [com.android.support:support-core-utils:26.0.1] AndroidManifest.xml:26:9-28:38
MERGED from [com.android.support:recyclerview-v7:26.0.1] AndroidManifest.xml:23:9-25:38
MERGED from [com.android.support:recyclerview-v7:26.0.1] AndroidManifest.xml:23:9-25:38
MERGED from [com.android.support:support-core-ui:26.0.1] AndroidManifest.xml:26:9-28:38
MERGED from [com.android.support:support-core-ui:26.0.1] AndroidManifest.xml:26:9-28:38
MERGED from [com.android.support:support-compat:26.0.1] AndroidManifest.xml:26:9-28:38
MERGED from [com.android.support:support-compat:26.0.1] AndroidManifest.xml:26:9-28:38
	android:value
		ADDED from [com.android.support:design:26.0.1] AndroidManifest.xml:28:13-35
	android:name
		ADDED from [com.android.support:design:26.0.1] AndroidManifest.xml:27:13-51